Unity Editor version:    2022.3.44f1 (c3ae09b9f03c)
Branch:                  2022.3/staging
Build type:              Release
Batch mode:              YES
System name:             Linux
Distro version:          #1 SMP PREEMPT_DYNAMIC Mon Aug 19 14:09:30 UTC 2024
Kernel version:          6.10.6-200.fc40.x86_64
Architecture:            x86_64
Available memory:        32001 MB
Using pre-set license
Pro License: YES

(Unity:22038): Gtk-CRITICAL **: 09:55:15.148: gtk_window_set_default_icon: assertion 'GDK_IS_PIXBUF (icon)' failed

(Unity:22038): GLib-GObject-CRITICAL **: 09:55:15.148: g_object_unref: assertion 'G_IS_OBJECT (object)' failed
Desktop is 4920 x 1920 @ 60 Hz
Initialize udev device monitor.

COMMAND LINE ARGUMENTS:
Unity
-adb2
-batchMode
-noUpm
-name
AssetImportWorker2
-projectPath
/home/ldavis/Code/Game Projects/Unity Games/2.5D_Test
-logFile
Logs/AssetImportWorker2.log
-srvPort
33623
Successfully changed project path to: /home/ldavis/Code/Game Projects/Unity Games/2.5D_Test
/home/ldavis/Code/Game Projects/Unity Games/2.5D_Test
[UnityMemory] Configuration Parameters - Can be set up in boot.config
    "memorysetup-bucket-allocator-granularity=16"
    "memorysetup-bucket-allocator-bucket-count=8"
    "memorysetup-bucket-allocator-block-size=33554432"
    "memorysetup-bucket-allocator-block-count=8"
    "memorysetup-main-allocator-block-size=16777216"
    "memorysetup-thread-allocator-block-size=16777216"
    "memorysetup-gfx-main-allocator-block-size=16777216"
    "memorysetup-gfx-thread-allocator-block-size=16777216"
    "memorysetup-cache-allocator-block-size=4194304"
    "memorysetup-typetree-allocator-block-size=2097152"
    "memorysetup-profiler-bucket-allocator-granularity=16"
    "memorysetup-profiler-bucket-allocator-bucket-count=8"
    "memorysetup-profiler-bucket-allocator-block-size=33554432"
    "memorysetup-profiler-bucket-allocator-block-count=8"
    "memorysetup-profiler-allocator-block-size=16777216"
    "memorysetup-profiler-editor-allocator-block-size=1048576"
    "memorysetup-temp-allocator-size-main=16777216"
    "memorysetup-job-temp-allocator-block-size=2097152"
    "memorysetup-job-temp-allocator-block-size-background=1048576"
    "memorysetup-job-temp-allocator-reduction-small-platforms=262144"
    "memorysetup-allocator-temp-initial-block-size-main=262144"
    "memorysetup-allocator-temp-initial-block-size-worker=262144"
    "memorysetup-temp-allocator-size-background-worker=32768"
    "memorysetup-temp-allocator-size-job-worker=262144"
    "memorysetup-temp-allocator-size-preload-manager=33554432"
    "memorysetup-temp-allocator-size-nav-mesh-worker=65536"
    "memorysetup-temp-allocator-size-audio-worker=65536"
    "memorysetup-temp-allocator-size-cloud-worker=32768"
    "memorysetup-temp-allocator-size-gi-baking-worker=262144"
    "memorysetup-temp-allocator-size-gfx=262144"
Player connection [139915398861824]  Target information:

Player connection [139915398861824]  * "[IP] 10.10.1.10 [Port] 0 [Flags] 2 [Guid] 4144910900 [EditorId] 4144910900 [Version] 1048832 [Id] LinuxEditor(16,192.168.1.29) [Debug] 1 [PackageName] LinuxEditor [ProjectName] Editor" 

Player connection [139915398861824]  * "[IP] 192.168.1.29 [Port] 0 [Flags] 2 [Guid] 4144910900 [EditorId] 4144910900 [Version] 1048832 [Id] LinuxEditor(16,192.168.1.29) [Debug] 1 [PackageName] LinuxEditor [ProjectName] Editor" 

Player connection [139915398861824] Host joined multi-casting on [225.0.0.222:54997]...
Player connection [139915398861824] Host joined alternative multi-casting on [225.0.0.222:34997]...
[PhysX] Initialized MultithreadedTaskDispatcher with 16 workers.
Refreshing native plugins compatible for Editor in 1.53 ms, found 0 plugins.
Preloading 0 native plugins for Editor in 0.00 ms.
Initialize engine version: 2022.3.44f1 (c3ae09b9f03c)
[Subsystems] Discovering subsystems at path /home/ldavis/Unity/Hub/Editor/2022.3.44f1/Editor/Data/Resources/UnitySubsystems
[Subsystems] Discovering subsystems at path /home/ldavis/Code/Game Projects/Unity Games/2.5D_Test/Assets
GLX Extensions: GLX_ARB_get_proc_address GLX_ARB_multisample GLX_EXT_visual_info GLX_EXT_visual_rating GLX_SGIX_fbconfig GLX_SGIX_pbuffer GLX_SGI_swap_control GLX_EXT_swap_control GLX_ARB_create_context GLX_ARB_create_context_profile GLX_ARB_fbconfig_float GLX_EXT_fbconfig_packed_float GLX_EXT_framebuffer_sRGB GLX_NV_copy_image GLX_NV_copy_buffer GLX_EXT_create_context_es_profile GLX_EXT_create_context_es2_profile GLX_ARB_create_context_no_error GLX_ARB_create_context_robustness GLX_ARB_context_flush_control 
Renderer: NVIDIA GeForce RTX 3060/PCIe/SSE2
Vendor:   NVIDIA Corporation
Version:  4.5.0 NVIDIA 560.35.03
GLES:     0
 GL_AMD_multi_draw_indirect GL_AMD_seamless_cubemap_per_texture GL_AMD_vertex_shader_viewport_index GL_AMD_vertex_shader_layer GL_ARB_arrays_of_arrays GL_ARB_base_instance GL_ARB_bindless_texture GL_ARB_blend_func_extended GL_ARB_buffer_storage GL_ARB_clear_buffer_object GL_ARB_clear_texture GL_ARB_clip_control GL_ARB_color_buffer_float GL_ARB_compressed_texture_pixel_storage GL_ARB_conservative_depth GL_ARB_compute_shader GL_ARB_compute_variable_group_size GL_ARB_conditional_render_inverted GL_ARB_copy_buffer GL_ARB_copy_image GL_ARB_cull_distance GL_ARB_debug_output GL_ARB_depth_buffer_float GL_ARB_depth_clamp GL_ARB_depth_texture GL_ARB_derivative_control GL_ARB_direct_state_access GL_ARB_draw_buffers GL_ARB_draw_buffers_blend GL_ARB_draw_indirect GL_ARB_draw_elements_base_vertex GL_ARB_draw_instanced GL_ARB_enhanced_layouts GL_ARB_ES2_compatibility GL_ARB_ES3_compatibility GL_ARB_ES3_1_compatibility GL_ARB_ES3_2_compatibility GL_ARB_explicit_attrib_location GL_ARB_explicit_uniform_location GL_ARB_fragmen
t_coord_conventions GL_ARB_fragment_layer_viewport GL_ARB_fragment_program GL_ARB_fragment_program_shadow GL_ARB_fragment_shader GL_ARB_fragment_shader_interlock GL_ARB_framebuffer_no_attachments GL_ARB_framebuffer_object GL_ARB_framebuffer_sRGB GL_ARB_geometry_shader4 GL_ARB_get_program_binary GL_ARB_get_texture_sub_image GL_ARB_gl_spirv GL_ARB_gpu_shader5 GL_ARB_gpu_shader_fp64 GL_ARB_gpu_shader_int64 GL_ARB_half_float_pixel GL_ARB_half_float_vertex GL_ARB_imaging GL_ARB_indirect_parameters GL_ARB_instanced_arrays GL_ARB_internalformat_query GL_ARB_internalformat_query2 GL_ARB_invalidate_subdata GL_ARB_map_buffer_alignment GL_ARB_map_buffer_range GL_ARB_multi_bind GL_ARB_multi_draw_indirect GL_ARB_multisample GL_ARB_multitexture GL_ARB_occlusion_query GL_ARB_occlusion_query2 GL_ARB_parallel_shader_compile GL_ARB_pipeline_statistics_query GL_ARB_pixel_buffer_object GL_ARB_point_parameters GL_ARB_point_sprite GL_ARB_polygon_offset_clamp GL_ARB_post_depth_coverage GL_ARB_program_interface_query GL_ARB_provoki
ng_vertex GL_ARB_query_buffer_object GL_ARB_robust_buffer_access_behavior GL_ARB_robustness GL_ARB_sample_locations GL_ARB_sample_shading GL_ARB_sampler_objects GL_ARB_seamless_cube_map GL_ARB_seamless_cubemap_per_texture GL_ARB_separate_shader_objects GL_ARB_shader_atomic_counter_ops GL_ARB_shader_atomic_counters GL_ARB_shader_ballot GL_ARB_shader_bit_encoding GL_ARB_shader_clock GL_ARB_shader_draw_parameters GL_ARB_shader_group_vote GL_ARB_shader_image_load_store GL_ARB_shader_image_size GL_ARB_shader_objects GL_ARB_shader_precision GL_ARB_shader_storage_buffer_object GL_ARB_shader_subroutine GL_ARB_shader_texture_image_samples GL_ARB_shader_texture_lod GL_ARB_shading_language_100 GL_ARB_shader_viewport_layer_array GL_ARB_shading_language_420pack GL_ARB_shading_language_include GL_ARB_shading_language_packing GL_ARB_shadow GL_ARB_sparse_buffer GL_ARB_sparse_texture GL_ARB_sparse_texture2 GL_ARB_sparse_texture_clamp GL_ARB_spirv_extensions GL_ARB_stencil_texturing GL_ARB_sync GL_ARB_tessellation_shader GL_A
RB_texture_barrier GL_ARB_texture_border_clamp GL_ARB_texture_buffer_object GL_ARB_texture_buffer_object_rgb32 GL_ARB_texture_buffer_range GL_ARB_texture_compression GL_ARB_texture_compression_bptc GL_ARB_texture_compression_rgtc GL_ARB_texture_cube_map GL_ARB_texture_cube_map_array GL_ARB_texture_env_add GL_ARB_texture_env_combine GL_ARB_texture_env_crossbar GL_ARB_texture_env_dot3 GL_ARB_texture_filter_anisotropic GL_ARB_texture_filter_minmax GL_ARB_texture_float GL_ARB_texture_gather GL_ARB_texture_mirror_clamp_to_edge GL_ARB_texture_mirrored_repeat GL_ARB_texture_multisample GL_ARB_texture_non_power_of_two GL_ARB_texture_query_levels GL_ARB_texture_query_lod GL_ARB_texture_rectangle GL_ARB_texture_rg GL_ARB_texture_rgb10_a2ui GL_ARB_texture_stencil8 GL_ARB_texture_storage GL_ARB_texture_storage_multisample GL_ARB_texture_swizzle GL_ARB_texture_view GL_ARB_timer_query GL_ARB_transform_feedback2 GL_ARB_transform_feedback3 GL_ARB_transform_feedback_instanced GL_ARB_transform_feedback_overflow_query GL_ARB_t
ranspose_matrix GL_ARB_uniform_buffer_object GL_ARB_vertex_array_bgra GL_ARB_vertex_array_object GL_ARB_vertex_attrib_64bit GL_ARB_vertex_attrib_binding GL_ARB_vertex_buffer_object GL_ARB_vertex_program GL_ARB_vertex_shader GL_ARB_vertex_type_10f_11f_11f_rev GL_ARB_vertex_type_2_10_10_10_rev GL_ARB_viewport_array GL_ARB_window_pos GL_ATI_draw_buffers GL_ATI_texture_float GL_ATI_texture_mirror_once GL_S3_s3tc GL_EXT_texture_env_add GL_EXT_abgr GL_EXT_bgra GL_EXT_bindable_uniform GL_EXT_blend_color GL_EXT_blend_equation_separate GL_EXT_blend_func_separate GL_EXT_blend_minmax GL_EXT_blend_subtract GL_EXT_compiled_vertex_array GL_EXT_Cg_shader GL_EXT_depth_bounds_test GL_EXT_direct_state_access GL_EXT_draw_buffers2 GL_EXT_draw_instanced GL_EXT_draw_range_elements GL_EXT_fog_coord GL_EXT_framebuffer_blit GL_EXT_framebuffer_multisample GL_EXTX_framebuffer_mixed_formats GL_EXT_framebuffer_multisample_blit_scaled GL_EXT_framebuffer_object GL_EXT_framebuffer_sRGB GL_EXT_geometry_shader4 GL_EXT_gpu_program_parameters 
GL_EXT_gpu_shader4 GL_EXT_multi_draw_arrays GL_EXT_multiview_texture_multisample GL_EXT_multiview_timer_query GL_EXT_packed_depth_stencil GL_EXT_packed_float GL_EXT_packed_pixels GL_EXT_pixel_buffer_object GL_EXT_point_parameters GL_EXT_polygon_offset_clamp GL_EXT_post_depth_coverage GL_EXT_provoking_vertex GL_EXT_raster_multisample GL_EXT_rescale_normal GL_EXT_secondary_color GL_EXT_separate_shader_objects GL_EXT_separate_specular_color GL_EXT_shader_image_load_formatted GL_EXT_shader_image_load_store GL_EXT_shader_integer_mix GL_EXT_shadow_funcs GL_EXT_sparse_texture2 GL_EXT_stencil_two_side GL_EXT_stencil_wrap GL_EXT_texture3D GL_EXT_texture_array GL_EXT_texture_buffer_object GL_EXT_texture_compression_dxt1 GL_EXT_texture_compression_latc GL_EXT_texture_compression_rgtc GL_EXT_texture_compression_s3tc GL_EXT_texture_cube_map GL_EXT_texture_edge_clamp GL_EXT_texture_env_combine GL_EXT_texture_env_dot3 GL_EXT_texture_filter_anisotropic GL_EXT_texture_filter_minmax GL_EXT_texture_integer GL_EXT_texture_lod G
L_EXT_texture_lod_bias GL_EXT_texture_mirror_clamp GL_EXT_texture_object GL_EXT_texture_shadow_lod GL_EXT_texture_shared_exponent GL_EXT_texture_sRGB GL_EXT_texture_sRGB_R8 GL_EXT_texture_sRGB_decode GL_EXT_texture_storage GL_EXT_texture_swizzle GL_EXT_timer_query GL_EXT_transform_feedback2 GL_EXT_vertex_array GL_EXT_vertex_array_bgra GL_EXT_vertex_attrib_64bit GL_EXT_window_rectangles GL_EXT_x11_sync_object GL_EXT_import_sync_object GL_NV_robustness_video_memory_purge GL_IBM_rasterpos_clip GL_IBM_texture_mirrored_repeat GL_KHR_context_flush_control GL_KHR_debug GL_EXT_memory_object GL_EXT_memory_object_fd GL_NV_memory_object_sparse GL_KHR_parallel_shader_compile GL_KHR_no_error GL_KHR_robust_buffer_access_behavior GL_KHR_robustness GL_EXT_semaphore GL_EXT_semaphore_fd GL_NV_timeline_semaphore GL_KHR_shader_subgroup GL_KTX_buffer_region GL_NV_alpha_to_coverage_dither_control GL_NV_bindless_multi_draw_indirect GL_NV_bindless_multi_draw_indirect_count GL_NV_bindless_texture GL_NV_blend_equation_advanced GL_NV_
blend_equation_advanced_coherent GL_NVX_blend_equation_advanced_multi_draw_buffers GL_NV_blend_minmax_factor GL_NV_blend_square GL_NV_clip_space_w_scaling GL_NV_command_list GL_NV_compute_program5 GL_NV_compute_shader_derivatives GL_NV_conditional_render GL_NV_conservative_raster GL_NV_conservative_raster_dilate GL_NV_conservative_raster_pre_snap GL_NV_conservative_raster_pre_snap_triangles GL_NV_conservative_raster_underestimation GL_NV_copy_depth_to_color GL_NV_copy_image GL_NV_depth_buffer_float GL_NV_depth_clamp GL_NV_draw_texture GL_NV_draw_vulkan_image GL_NV_ES1_1_compatibility GL_NV_ES3_1_compatibility GL_NV_explicit_multisample GL_NV_feature_query GL_NV_fence GL_NV_fill_rectangle GL_NV_float_buffer GL_NV_fog_distance GL_NV_fragment_coverage_to_color GL_NV_fragment_program GL_NV_fragment_program_option GL_NV_fragment_program2 GL_NV_fragment_shader_barycentric GL_NV_fragment_shader_interlock GL_NV_framebuffer_mixed_samples GL_NV_framebuffer_multisample_coverage GL_NV_geometry_shader4 GL_NV_geometry_sha
der_passthrough GL_NV_gpu_program4 GL_NV_internalformat_sample_query GL_NV_gpu_program4_1 GL_NV_gpu_program5 GL_NV_gpu_program5_mem_extended GL_NV_gpu_program_fp64 GL_NV_gpu_program_multiview GL_NV_gpu_shader5 GL_NV_half_float GL_NV_light_max_exponent GL_NV_memory_attachment GL_NV_mesh_shader GL_NV_multisample_coverage GL_NV_multisample_filter_hint GL_NV_occlusion_query GL_NV_packed_depth_stencil GL_NV_parameter_buffer_object GL_NV_parameter_buffer_object2 GL_NV_path_rendering GL_NV_path_rendering_shared_edge GL_NV_pixel_data_range GL_NV_point_sprite GL_NV_primitive_restart GL_NV_primitive_shading_rate GL_NV_query_resource GL_NV_query_resource_tag GL_NV_register_combiners GL_NV_register_combiners2 GL_NV_representative_fragment_test GL_NV_sample_locations GL_NV_sample_mask_override_coverage GL_NV_scissor_exclusive GL_NV_shader_atomic_counters GL_NV_shader_atomic_float GL_NV_shader_atomic_float64 GL_NV_shader_atomic_fp16_vector GL_NV_shader_atomic_int64 GL_NV_shader_buffer_load GL_NV_shader_storage_buffer_obje
ct GL_NV_shader_subgroup_partitioned GL_NV_shader_texture_footprint GL_NV_shading_rate_image GL_NV_stereo_view_rendering GL_NV_texgen_reflection GL_NV_texture_barrier GL_NV_texture_compression_vtc GL_NV_texture_dirty_tile_map GL_NV_texture_env_combine4 GL_NV_texture_multisample GL_NV_texture_rectangle GL_NV_texture_rectangle_compressed GL_NV_texture_shader GL_NV_texture_shader2 GL_NV_texture_shader3 GL_NV_transform_feedback GL_NV_transform_feedback2 GL_NV_uniform_buffer_unified_memory GL_NV_uniform_buffer_std430_layout GL_NV_vdpau_interop GL_NV_vdpau_interop2 GL_NV_vertex_array_range GL_NV_vertex_array_range2 GL_NV_vertex_attrib_integer_64bit GL_NV_vertex_buffer_unified_memory GL_NV_vertex_program GL_NV_vertex_program1_1 GL_NV_vertex_program2 GL_NV_vertex_program2_option GL_NV_vertex_program3 GL_NV_viewport_array2 GL_NV_viewport_swizzle GL_NVX_conditional_render GL_NV_gpu_multicast GL_NVX_progress_fence GL_NVX_gpu_memory_info GL_NVX_nvenc_interop GL_NV_shader_thread_group GL_NV_shader_thread_shuffle GL_KHR_b
lend_equation_advanced GL_KHR_blend_equation_advanced_coherent GL_OVR_multiview GL_OVR_multiview2 GL_SGIS_generate_mipmap GL_SGIS_texture_lod GL_SGIX_depth_texture GL_SGIX_shadow GL_SUN_slice_accum
OPENGL LOG: Creating OpenGL 4.5 graphics device ; Context level  <OpenGL 4.5> ; Context handle -62291976
Initialize mono
Mono path[0] = '/home/ldavis/Unity/Hub/Editor/2022.3.44f1/Editor/Data/Managed'
Mono path[1] = '/home/ldavis/Unity/Hub/Editor/2022.3.44f1/Editor/Data/MonoBleedingEdge/lib/mono/unityjit-linux'
Mono config path = '/home/ldavis/Unity/Hub/Editor/2022.3.44f1/Editor/Data/MonoBleedingEdge/etc'
Using monoOptions --debugger-agent=transport=dt_socket,embedding=1,server=y,suspend=n,address=127.0.0.1:56038
Begin MonoManager ReloadAssembly
Registering precompiled unity dll's ...
Register platform support module: /home/ldavis/Unity/Hub/Editor/2022.3.44f1/Editor/Data/PlaybackEngines/WebGLSupport/UnityEditor.WebGL.Extensions.dll
Register platform support module: /home/ldavis/Unity/Hub/Editor/2022.3.44f1/Editor/Data/PlaybackEngines/LinuxStandaloneSupport/UnityEditor.LinuxStandalone.Extensions.dll
Registered in 0.005133 seconds.
- Loaded All Assemblies, in  0.254 seconds
Native extension for LinuxStandalone target not found
Native extension for WebGL target not found
Mono: successfully reloaded assembly
- Finished resetting the current domain, in  0.221 seconds
Domain Reload Profiling: 475ms
	BeginReloadAssembly (55ms)
		ExecutionOrderSort (0ms)
		DisableScriptedObjects (0ms)
		BackupInstance (0ms)
		ReleaseScriptingObjects (0ms)
		CreateAndSetChildDomain (1ms)
	RebuildCommonClasses (28ms)
	RebuildNativeTypeToScriptingClass (7ms)
	initialDomainReloadingComplete (48ms)
	LoadAllAssembliesAndSetupDomain (116ms)
		LoadAssemblies (54ms)
		RebuildTransferFunctionScriptingTraits (0ms)
		AnalyzeDomain (115ms)
			TypeCache.Refresh (114ms)
				TypeCache.ScanAssembly (103ms)
			ScanForSourceGeneratedMonoScriptInfo (0ms)
			ResolveRequiredComponents (0ms)
	FinalizeReload (221ms)
		ReleaseScriptCaches (0ms)
		RebuildScriptCaches (0ms)
		SetupLoadedEditorAssemblies (180ms)
			LogAssemblyErrors (0ms)
			InitializePlatformSupportModulesInManaged (8ms)
			SetLoadedEditorAssemblies (5ms)
			RefreshPlugins (0ms)
			BeforeProcessingInitializeOnLoad (2ms)
			ProcessInitializeOnLoadAttributes (126ms)
			ProcessInitializeOnLoadMethodAttributes (39ms)
			AfterProcessingInitializeOnLoad (0ms)
			EditorAssembliesLoaded (0ms)
		ExecutionOrderSort2 (0ms)
		AwakeInstancesAfterBackupRestoration (0ms)
========================================================================
Worker process is ready to serve import requests
Caller must complete domain reload
Begin MonoManager ReloadAssembly
- Loaded All Assemblies, in  0.435 seconds
Native extension for LinuxStandalone target not found
Native extension for WebGL target not found
Package Manager log level set to [2]
[Package Manager] Server::EnsureServerProcessIsRunning -- launch failed, reason: Unity was launched with the -noUpm command-line argument
[Package Manager] UpmClient::Send -- Unable to send message (not connected to UPM process).
[Package Manager] Cannot connect to Unity Package Manager local server
Mono: successfully reloaded assembly
- Finished resetting the current domain, in  0.435 seconds
Domain Reload Profiling: 869ms
	BeginReloadAssembly (88ms)
		ExecutionOrderSort (0ms)
		DisableScriptedObjects (5ms)
		BackupInstance (0ms)
		ReleaseScriptingObjects (0ms)
		CreateAndSetChildDomain (17ms)
	RebuildCommonClasses (27ms)
	RebuildNativeTypeToScriptingClass (7ms)
	initialDomainReloadingComplete (34ms)
	LoadAllAssembliesAndSetupDomain (279ms)
		LoadAssemblies (177ms)
		RebuildTransferFunctionScriptingTraits (0ms)
		AnalyzeDomain (141ms)
			TypeCache.Refresh (125ms)
				TypeCache.ScanAssembly (114ms)
			ScanForSourceGeneratedMonoScriptInfo (11ms)
			ResolveRequiredComponents (4ms)
	FinalizeReload (435ms)
		ReleaseScriptCaches (0ms)
		RebuildScriptCaches (0ms)
		SetupLoadedEditorAssemblies (321ms)
			LogAssemblyErrors (0ms)
			InitializePlatformSupportModulesInManaged (5ms)
			SetLoadedEditorAssemblies (3ms)
			RefreshPlugins (0ms)
			BeforeProcessingInitializeOnLoad (45ms)
			ProcessInitializeOnLoadAttributes (249ms)
			ProcessInitializeOnLoadMethodAttributes (16ms)
			AfterProcessingInitializeOnLoad (3ms)
			EditorAssembliesLoaded (0ms)
		ExecutionOrderSort2 (0ms)
		AwakeInstancesAfterBackupRestoration (3ms)
Launched and connected shader compiler UnityShaderCompiler after 0.01 seconds
Refreshing native plugins compatible for Editor in 0.70 ms, found 0 plugins.
Preloading 0 native plugins for Editor in 0.00 ms.
Unloading 3092 Unused Serialized files (Serialized files now loaded: 0)
Unloading 19 unused Assets / (45.4 KB). Loaded Objects now: 3574.
Memory consumption went from 123.5 MB to 123.4 MB.
Total: 3.180076 ms (FindLiveObjects: 0.241755 ms CreateObjectMapping: 0.165519 ms MarkObjects: 2.634828 ms  DeleteObjects: 0.137168 ms)

AssetImportParameters requested are different than current active one (requested -> active):
  custom:container-demuxer-ogg: 62fdf1f143b41e24485cea50d1cbac27 -> 
  custom:video-decoder-ogg-theora: a1e56fd34408186e4bbccfd4996cb3dc -> 
  custom:CustomObjectIndexerAttribute: 232f87dd983dbecb2a4e21e08eb2cef8 -> 
  custom:container-demuxer-webm: 4f35f7cbe854078d1ac9338744f61a02 -> 
  custom:container-muxer-webm: aa71ff27fc2769a1b78a27578f13a17b -> 
  custom:video-decoder-webm-vp8: 9c59270c3fd7afecdb556c50c9e8de78 -> 
  custom:SearchIndexIgnoredProperties: e643bd26f0fe6173181afceb89e7c659 -> 
  custom:AudioImporter_EditorPlatform: 2f0ff77a95e0ac474e3e8eeba4e2f7cb -> 
  custom:video-encoder-webm-vp8: eb34c28f22e8b96e1ab97ce403110664 -> 
  custom:audio-decoder-ogg-vorbis: bf7c407c2cedff20999df2af8eb42d56 -> 
  custom:audio-encoder-webm-vorbis: bf7c407c2cedff20999df2af8eb42d56 -> 
========================================================================
Received Import Request.
  Time since last request: 7192.427192 seconds.
  path: Assets/Sprits/craftpix-net-870940-free-base-4-direction-male-character-pixel-art/Tiled_files/Sword_attack_full.png
  artifactKey: Guid(5de3ef07ff7f610babc0fbbda98d6d69) Importer(815301076,1909f56bfc062723c751e8b465ee728b)
Start importing Assets/Sprits/craftpix-net-870940-free-base-4-direction-male-character-pixel-art/Tiled_files/Sword_attack_full.png using Guid(5de3ef07ff7f610babc0fbbda98d6d69) Importer(815301076,1909f56bfc062723c751e8b465ee728b) [PhysX] Initialized MultithreadedTaskDispatcher with 16 workers.
[PhysX] Initialized MultithreadedTaskDispatcher with 16 workers.
 -> (artifact id: '6fe16efc27a48c4ebc62e251e817216f') in 0.041441 seconds
Number of updated asset objects reloaded before import = 0
Number of asset objects unloaded after import = 2
========================================================================
Received Import Request.
  Time since last request: 0.019998 seconds.
  path: Assets/Sprits/craftpix-net-870940-free-base-4-direction-male-character-pixel-art/Tiled_files/shadow.png
  artifactKey: Guid(4d6711185d91906aaa5b5fec7ae25c96) Importer(815301076,1909f56bfc062723c751e8b465ee728b)
Start importing Assets/Sprits/craftpix-net-870940-free-base-4-direction-male-character-pixel-art/Tiled_files/shadow.png using Guid(4d6711185d91906aaa5b5fec7ae25c96) Importer(815301076,1909f56bfc062723c751e8b465ee728b) [PhysX] Initialized MultithreadedTaskDispatcher with 16 workers.
[PhysX] Initialized MultithreadedTaskDispatcher with 16 workers.
 -> (artifact id: 'fbac71c859cbc19c6842c6ac5de094bf') in 0.007764 seconds
Number of updated asset objects reloaded before import = 0
Number of asset objects unloaded after import = 2
========================================================================
Received Import Request.
  Time since last request: 0.000014 seconds.
  path: Assets/Sprits/craftpix-net-870940-free-base-4-direction-male-character-pixel-art/Tiled_files/Sword_Hurt5_head.png
  artifactKey: Guid(5ae68383ffc60c81caa6403f009b6c93) Importer(815301076,1909f56bfc062723c751e8b465ee728b)
Start importing Assets/Sprits/craftpix-net-870940-free-base-4-direction-male-character-pixel-art/Tiled_files/Sword_Hurt5_head.png using Guid(5ae68383ffc60c81caa6403f009b6c93) Importer(815301076,1909f56bfc062723c751e8b465ee728b) [PhysX] Initialized MultithreadedTaskDispatcher with 16 workers.
[PhysX] Initialized MultithreadedTaskDispatcher with 16 workers.
 -> (artifact id: '93b773dc1234c7fcba74bae694c69b97') in 0.005576 seconds
Number of updated asset objects reloaded before import = 0
Number of asset objects unloaded after import = 2
========================================================================
Received Import Request.
  Time since last request: 0.000012 seconds.
  path: Assets/Sprits/craftpix-net-870940-free-base-4-direction-male-character-pixel-art/Tiled_files/Sword_Run_Attack_full.png
  artifactKey: Guid(57985b59c5c3e13f68b5af09df9f75fb) Importer(815301076,1909f56bfc062723c751e8b465ee728b)
Start importing Assets/Sprits/craftpix-net-870940-free-base-4-direction-male-character-pixel-art/Tiled_files/Sword_Run_Attack_full.png using Guid(57985b59c5c3e13f68b5af09df9f75fb) Importer(815301076,1909f56bfc062723c751e8b465ee728b) [PhysX] Initialized MultithreadedTaskDispatcher with 16 workers.
[PhysX] Initialized MultithreadedTaskDispatcher with 16 workers.
 -> (artifact id: 'aa32fa94901b0005872fb1d35b6578ea') in 0.006288 seconds
Number of updated asset objects reloaded before import = 0
Number of asset objects unloaded after import = 2
========================================================================
Received Import Request.
  Time since last request: 0.000079 seconds.
  path: Assets/Sprits/craftpix-net-870940-free-base-4-direction-male-character-pixel-art/Tiled_files/Sword_Walk3_body.png
  artifactKey: Guid(d0b8ecf40cc648299ae361236a3f0348) Importer(815301076,1909f56bfc062723c751e8b465ee728b)
Start importing Assets/Sprits/craftpix-net-870940-free-base-4-direction-male-character-pixel-art/Tiled_files/Sword_Walk3_body.png using Guid(d0b8ecf40cc648299ae361236a3f0348) Importer(815301076,1909f56bfc062723c751e8b465ee728b) [PhysX] Initialized MultithreadedTaskDispatcher with 16 workers.
[PhysX] Initialized MultithreadedTaskDispatcher with 16 workers.
 -> (artifact id: '53be892f13274e6f1d459de0fb5afc2b') in 0.005476 seconds
Number of updated asset objects reloaded before import = 0
Number of asset objects unloaded after import = 2
========================================================================
Received Import Request.
  Time since last request: 0.000010 seconds.
  path: Assets/Sprits/craftpix-net-870940-free-base-4-direction-male-character-pixel-art/Tiled_files/Sword_Run_full.png
  artifactKey: Guid(341309681110e6481bc5a06cc5dc296c) Importer(815301076,1909f56bfc062723c751e8b465ee728b)
Start importing Assets/Sprits/craftpix-net-870940-free-base-4-direction-male-character-pixel-art/Tiled_files/Sword_Run_full.png using Guid(341309681110e6481bc5a06cc5dc296c) Importer(815301076,1909f56bfc062723c751e8b465ee728b) [PhysX] Initialized MultithreadedTaskDispatcher with 16 workers.
[PhysX] Initialized MultithreadedTaskDispatcher with 16 workers.
 -> (artifact id: 'acfea6735622f9314e3c1949af4d0015') in 0.005872 seconds
Number of updated asset objects reloaded before import = 0
Number of asset objects unloaded after import = 2
========================================================================
Received Import Request.
  Time since last request: 0.000030 seconds.
  path: Assets/Sprits/craftpix-net-870940-free-base-4-direction-male-character-pixel-art/Tiled_files/Sword_Walk_Attack_full.png
  artifactKey: Guid(c04da8db54fa7c4d69077524004dd5c0) Importer(815301076,1909f56bfc062723c751e8b465ee728b)
Start importing Assets/Sprits/craftpix-net-870940-free-base-4-direction-male-character-pixel-art/Tiled_files/Sword_Walk_Attack_full.png using Guid(c04da8db54fa7c4d69077524004dd5c0) Importer(815301076,1909f56bfc062723c751e8b465ee728b) [PhysX] Initialized MultithreadedTaskDispatcher with 16 workers.
[PhysX] Initialized MultithreadedTaskDispatcher with 16 workers.
 -> (artifact id: '88b5d7acf8e2a137bbb3c723156006e1') in 0.004844 seconds
Number of updated asset objects reloaded before import = 0
Number of asset objects unloaded after import = 2
========================================================================
Received Import Request.
  Time since last request: 0.000090 seconds.
  path: Assets/Sprits/craftpix-net-870940-free-base-4-direction-male-character-pixel-art/Tiled_files/Sword_Hurt_full.png
  artifactKey: Guid(e2dd0d244e0865fffb1cf88a9ba09f6e) Importer(815301076,1909f56bfc062723c751e8b465ee728b)
Start importing Assets/Sprits/craftpix-net-870940-free-base-4-direction-male-character-pixel-art/Tiled_files/Sword_Hurt_full.png using Guid(e2dd0d244e0865fffb1cf88a9ba09f6e) Importer(815301076,1909f56bfc062723c751e8b465ee728b) [PhysX] Initialized MultithreadedTaskDispatcher with 16 workers.
[PhysX] Initialized MultithreadedTaskDispatcher with 16 workers.
 -> (artifact id: '67ff13b3a66abc5cc619a98c124cce00') in 0.009060 seconds
Number of updated asset objects reloaded before import = 0
Number of asset objects unloaded after import = 2
========================================================================
Received Import Request.
  Time since last request: 0.000021 seconds.
  path: Assets/Sprits/craftpix-net-870940-free-base-4-direction-male-character-pixel-art/Tiled_files/Unarmed_Death_full.png
  artifactKey: Guid(f66540c7a8200c0a9a149d2806370904) Importer(815301076,1909f56bfc062723c751e8b465ee728b)
Start importing Assets/Sprits/craftpix-net-870940-free-base-4-direction-male-character-pixel-art/Tiled_files/Unarmed_Death_full.png using Guid(f66540c7a8200c0a9a149d2806370904) Importer(815301076,1909f56bfc062723c751e8b465ee728b) [PhysX] Initialized MultithreadedTaskDispatcher with 16 workers.
[PhysX] Initialized MultithreadedTaskDispatcher with 16 workers.
 -> (artifact id: '6fe9b5de0761643f9881ae16ffa2cb74') in 0.006826 seconds
Number of updated asset objects reloaded before import = 0
Number of asset objects unloaded after import = 2
========================================================================
Received Import Request.
  Time since last request: 0.000011 seconds.
  path: Assets/Sprits/craftpix-net-870940-free-base-4-direction-male-character-pixel-art/Tiled_files/Unarmed_Idle3_head.png
  artifactKey: Guid(26038f1c5510902d799d7196566fd89c) Importer(815301076,1909f56bfc062723c751e8b465ee728b)
Start importing Assets/Sprits/craftpix-net-870940-free-base-4-direction-male-character-pixel-art/Tiled_files/Unarmed_Idle3_head.png using Guid(26038f1c5510902d799d7196566fd89c) Importer(815301076,1909f56bfc062723c751e8b465ee728b) [PhysX] Initialized MultithreadedTaskDispatcher with 16 workers.
[PhysX] Initialized MultithreadedTaskDispatcher with 16 workers.
 -> (artifact id: 'ef7895fdc5388004e707f000580dab18') in 0.006200 seconds
Number of updated asset objects reloaded before import = 0
Number of asset objects unloaded after import = 2
========================================================================
Received Import Request.
  Time since last request: 0.000076 seconds.
  path: Assets/Sprits/craftpix-net-870940-free-base-4-direction-male-character-pixel-art/Tiled_files/Sword_Walk_Attack6_swing.png
  artifactKey: Guid(e26a57460b8c16768838812547847047) Importer(815301076,1909f56bfc062723c751e8b465ee728b)
Start importing Assets/Sprits/craftpix-net-870940-free-base-4-direction-male-character-pixel-art/Tiled_files/Sword_Walk_Attack6_swing.png using Guid(e26a57460b8c16768838812547847047) Importer(815301076,1909f56bfc062723c751e8b465ee728b) [PhysX] Initialized MultithreadedTaskDispatcher with 16 workers.
[PhysX] Initialized MultithreadedTaskDispatcher with 16 workers.
 -> (artifact id: '3d0042d90006b6088b5f4f96180f3551') in 0.005125 seconds
Number of updated asset objects reloaded before import = 0
Number of asset objects unloaded after import = 2
========================================================================
Received Import Request.
  Time since last request: 0.000017 seconds.
  path: Assets/Sprits/craftpix-net-870940-free-base-4-direction-male-character-pixel-art/Tiled_files/Unarmed_Death2_body.png
  artifactKey: Guid(abe5f3012c182dd50a19829a20e4f664) Importer(815301076,1909f56bfc062723c751e8b465ee728b)
Start importing Assets/Sprits/craftpix-net-870940-free-base-4-direction-male-character-pixel-art/Tiled_files/Unarmed_Death2_body.png using Guid(abe5f3012c182dd50a19829a20e4f664) Importer(815301076,1909f56bfc062723c751e8b465ee728b) [PhysX] Initialized MultithreadedTaskDispatcher with 16 workers.
[PhysX] Initialized MultithreadedTaskDispatcher with 16 workers.
 -> (artifact id: '85598b99cdd0a2625b5cb78cc20bc924') in 0.003912 seconds
Number of updated asset objects reloaded before import = 0
Number of asset objects unloaded after import = 2
========================================================================
Received Import Request.
  Time since last request: 0.000010 seconds.
  path: Assets/Sprits/craftpix-net-870940-free-base-4-direction-male-character-pixel-art/Tiled_files/Sword_Hurt3_body.png
  artifactKey: Guid(c5c32b7a477030aaabd8fd04f18c8d20) Importer(815301076,1909f56bfc062723c751e8b465ee728b)
Start importing Assets/Sprits/craftpix-net-870940-free-base-4-direction-male-character-pixel-art/Tiled_files/Sword_Hurt3_body.png using Guid(c5c32b7a477030aaabd8fd04f18c8d20) Importer(815301076,1909f56bfc062723c751e8b465ee728b) [PhysX] Initialized MultithreadedTaskDispatcher with 16 workers.
[PhysX] Initialized MultithreadedTaskDispatcher with 16 workers.
 -> (artifact id: '3892153d0962b4fd150eb8435453f960') in 0.004917 seconds
Number of updated asset objects reloaded before import = 0
Number of asset objects unloaded after import = 2
========================================================================
Received Import Request.
  Time since last request: 0.000012 seconds.
  path: Assets/Sprits/craftpix-net-870940-free-base-4-direction-male-character-pixel-art/Tiled_files/Sword_Death5_head.png
  artifactKey: Guid(b67cce4b8a59b331891c8bb4e16d5a79) Importer(815301076,1909f56bfc062723c751e8b465ee728b)
Start importing Assets/Sprits/craftpix-net-870940-free-base-4-direction-male-character-pixel-art/Tiled_files/Sword_Death5_head.png using Guid(b67cce4b8a59b331891c8bb4e16d5a79) Importer(815301076,1909f56bfc062723c751e8b465ee728b) [PhysX] Initialized MultithreadedTaskDispatcher with 16 workers.
[PhysX] Initialized MultithreadedTaskDispatcher with 16 workers.
 -> (artifact id: 'e8018b6e54d6ee6a66e4c112d2d47476') in 0.009693 seconds
Number of updated asset objects reloaded before import = 0
Number of asset objects unloaded after import = 2
========================================================================
Received Import Request.
  Time since last request: 0.000010 seconds.
  path: Assets/Sprits/craftpix-net-870940-free-base-4-direction-male-character-pixel-art/Tiled_files/Sword_Walk_Attack3_body.png
  artifactKey: Guid(a2d2dbf7cf422042fb93b45d2bc9f40c) Importer(815301076,1909f56bfc062723c751e8b465ee728b)
Start importing Assets/Sprits/craftpix-net-870940-free-base-4-direction-male-character-pixel-art/Tiled_files/Sword_Walk_Attack3_body.png using Guid(a2d2dbf7cf422042fb93b45d2bc9f40c) Importer(815301076,1909f56bfc062723c751e8b465ee728b) [PhysX] Initialized MultithreadedTaskDispatcher with 16 workers.
[PhysX] Initialized MultithreadedTaskDispatcher with 16 workers.
 -> (artifact id: '524e7c5e940827398ccc1a9ace30a334') in 0.004483 seconds
Number of updated asset objects reloaded before import = 0
Number of asset objects unloaded after import = 2
========================================================================
Received Import Request.
  Time since last request: 0.000010 seconds.
  path: Assets/Sprits/craftpix-net-870940-free-base-4-direction-male-character-pixel-art/Tiled_files/Sword_Walk2_sword_back.png
  artifactKey: Guid(4e6ef81cd411d153b8a2061a61be8c1f) Importer(815301076,1909f56bfc062723c751e8b465ee728b)
Start importing Assets/Sprits/craftpix-net-870940-free-base-4-direction-male-character-pixel-art/Tiled_files/Sword_Walk2_sword_back.png using Guid(4e6ef81cd411d153b8a2061a61be8c1f) Importer(815301076,1909f56bfc062723c751e8b465ee728b) [PhysX] Initialized MultithreadedTaskDispatcher with 16 workers.
[PhysX] Initialized MultithreadedTaskDispatcher with 16 workers.
 -> (artifact id: '01dcb70357e7e22efd167c24921538e6') in 0.009852 seconds
Number of updated asset objects reloaded before import = 0
Number of asset objects unloaded after import = 2
========================================================================
Received Import Request.
  Time since last request: 0.000011 seconds.
  path: Assets/Sprits/craftpix-net-870940-free-base-4-direction-male-character-pixel-art/Tiled_files/Sword_Walk_Attack4_sword_front.png
  artifactKey: Guid(ced2d065516cd13688d871fe45631035) Importer(815301076,1909f56bfc062723c751e8b465ee728b)
Start importing Assets/Sprits/craftpix-net-870940-free-base-4-direction-male-character-pixel-art/Tiled_files/Sword_Walk_Attack4_sword_front.png using Guid(ced2d065516cd13688d871fe45631035) Importer(815301076,1909f56bfc062723c751e8b465ee728b) [PhysX] Initialized MultithreadedTaskDispatcher with 16 workers.
[PhysX] Initialized MultithreadedTaskDispatcher with 16 workers.
 -> (artifact id: 'd6ba6c1fda1a4acadc549cb02c9b97a8') in 0.006320 seconds
Number of updated asset objects reloaded before import = 0
Number of asset objects unloaded after import = 2
========================================================================
Received Import Request.
  Time since last request: 0.000023 seconds.
  path: Assets/Sprits/craftpix-net-870940-free-base-4-direction-male-character-pixel-art/Tiled_files/Unarmed_Run_full.png
  artifactKey: Guid(469867ade081256ddb3f3afa53c225d1) Importer(815301076,1909f56bfc062723c751e8b465ee728b)
Start importing Assets/Sprits/craftpix-net-870940-free-base-4-direction-male-character-pixel-art/Tiled_files/Unarmed_Run_full.png using Guid(469867ade081256ddb3f3afa53c225d1) Importer(815301076,1909f56bfc062723c751e8b465ee728b) [PhysX] Initialized MultithreadedTaskDispatcher with 16 workers.
[PhysX] Initialized MultithreadedTaskDispatcher with 16 workers.
 -> (artifact id: '8edc3cf679a83718d6173654eee1afc8') in 0.008818 seconds
Number of updated asset objects reloaded before import = 0
Number of asset objects unloaded after import = 2
========================================================================
Received Import Request.
  Time since last request: 54.108983 seconds.
  path: Assets/Sprits/craftpix-net-870940-free-base-4-direction-male-character-pixel-art/Tiled_files/Unarmed_Idle2_body.png
  artifactKey: Guid(2b75e1153c3dc75f4a74e99484858f26) Importer(815301076,1909f56bfc062723c751e8b465ee728b)
Start importing Assets/Sprits/craftpix-net-870940-free-base-4-direction-male-character-pixel-art/Tiled_files/Unarmed_Idle2_body.png using Guid(2b75e1153c3dc75f4a74e99484858f26) Importer(815301076,1909f56bfc062723c751e8b465ee728b) [PhysX] Initialized MultithreadedTaskDispatcher with 16 workers.
[PhysX] Initialized MultithreadedTaskDispatcher with 16 workers.
 -> (artifact id: '08951e737fbe1d1e0a2cb2e9df4e3c83') in 0.041134 seconds
Number of updated asset objects reloaded before import = 0
Number of asset objects unloaded after import = 3
========================================================================
Received Import Request.
  Time since last request: 580.639988 seconds.
  path: Assets/Sprits/craftpix-net-870940-free-base-4-direction-male-character-pixel-art/Tiled_files/Base_boy.tmx
  artifactKey: Guid(c79d8a983685cf5c29cb47dc6452dbe4) Importer(815301076,1909f56bfc062723c751e8b465ee728b)
Start importing Assets/Sprits/craftpix-net-870940-free-base-4-direction-male-character-pixel-art/Tiled_files/Base_boy.tmx using Guid(c79d8a983685cf5c29cb47dc6452dbe4) Importer(815301076,1909f56bfc062723c751e8b465ee728b) [PhysX] Initialized MultithreadedTaskDispatcher with 16 workers.
 -> (artifact id: '72e95e843f8a84f2d2ba0d7b55cd8c96') in 0.000530 seconds
Number of updated asset objects reloaded before import = 0
Number of asset objects unloaded after import = 1
========================================================================
Received Import Request.
  Time since last request: 14.707238 seconds.
  path: Assets/Sprits/craftpix-net-870940-free-base-4-direction-male-character-pixel-art/Tiled_files/Unarmed_Idle2_body.png
  artifactKey: Guid(2b75e1153c3dc75f4a74e99484858f26) Importer(815301076,1909f56bfc062723c751e8b465ee728b)
Start importing Assets/Sprits/craftpix-net-870940-free-base-4-direction-male-character-pixel-art/Tiled_files/Unarmed_Idle2_body.png using Guid(2b75e1153c3dc75f4a74e99484858f26) Importer(815301076,1909f56bfc062723c751e8b465ee728b) [PhysX] Initialized MultithreadedTaskDispatcher with 16 workers.
[PhysX] Initialized MultithreadedTaskDispatcher with 16 workers.
 -> (artifact id: 'aa2fa3aaad85290ca3a9e459533d5250') in 0.006661 seconds
Number of updated asset objects reloaded before import = 0
Number of asset objects unloaded after import = 3
========================================================================
Received Import Request.
  Time since last request: 56.093432 seconds.
  path: Assets/Sprits/craftpix-net-870940-free-base-4-direction-male-character-pixel-art/Tiled_files/Sword_Hurt3_body.png
  artifactKey: Guid(c5c32b7a477030aaabd8fd04f18c8d20) Importer(815301076,1909f56bfc062723c751e8b465ee728b)
Start importing Assets/Sprits/craftpix-net-870940-free-base-4-direction-male-character-pixel-art/Tiled_files/Sword_Hurt3_body.png using Guid(c5c32b7a477030aaabd8fd04f18c8d20) Importer(815301076,1909f56bfc062723c751e8b465ee728b) [PhysX] Initialized MultithreadedTaskDispatcher with 16 workers.
[PhysX] Initialized MultithreadedTaskDispatcher with 16 workers.
 -> (artifact id: '252dbb6ccd954b9908135489be85876c') in 0.007307 seconds
Number of updated asset objects reloaded before import = 0
Number of asset objects unloaded after import = 3
========================================================================
Received Import Request.
  Time since last request: 0.018318 seconds.
  path: Assets/Sprits/craftpix-net-870940-free-base-4-direction-male-character-pixel-art/Tiled_files/Sword_Hurt5_head.png
  artifactKey: Guid(5ae68383ffc60c81caa6403f009b6c93) Importer(815301076,1909f56bfc062723c751e8b465ee728b)
Start importing Assets/Sprits/craftpix-net-870940-free-base-4-direction-male-character-pixel-art/Tiled_files/Sword_Hurt5_head.png using Guid(5ae68383ffc60c81caa6403f009b6c93) Importer(815301076,1909f56bfc062723c751e8b465ee728b) [PhysX] Initialized MultithreadedTaskDispatcher with 16 workers.
[PhysX] Initialized MultithreadedTaskDispatcher with 16 workers.
 -> (artifact id: '99e259ea36b23d87bd884ac87ab4b6f5') in 0.007530 seconds
Number of updated asset objects reloaded before import = 0
Number of asset objects unloaded after import = 3
========================================================================
Received Import Request.
  Time since last request: 0.018070 seconds.
  path: Assets/Sprits/craftpix-net-870940-free-base-4-direction-male-character-pixel-art/Tiled_files/Sword_Idle4_sword_front.png
  artifactKey: Guid(c260caf7d20df8479b6762aebcfe4314) Importer(815301076,1909f56bfc062723c751e8b465ee728b)
Start importing Assets/Sprits/craftpix-net-870940-free-base-4-direction-male-character-pixel-art/Tiled_files/Sword_Idle4_sword_front.png using Guid(c260caf7d20df8479b6762aebcfe4314) Importer(815301076,1909f56bfc062723c751e8b465ee728b) [PhysX] Initialized MultithreadedTaskDispatcher with 16 workers.
[PhysX] Initialized MultithreadedTaskDispatcher with 16 workers.
 -> (artifact id: '917f5d38fc54bc7feca45e416c31037e') in 0.006295 seconds
Number of updated asset objects reloaded before import = 0
Number of asset objects unloaded after import = 3
========================================================================
Received Import Request.
  Time since last request: 0.000010 seconds.
  path: Assets/Sprits/craftpix-net-870940-free-base-4-direction-male-character-pixel-art/Tiled_files/Sword_Walk3_body.png
  artifactKey: Guid(d0b8ecf40cc648299ae361236a3f0348) Importer(815301076,1909f56bfc062723c751e8b465ee728b)
Start importing Assets/Sprits/craftpix-net-870940-free-base-4-direction-male-character-pixel-art/Tiled_files/Sword_Walk3_body.png using Guid(d0b8ecf40cc648299ae361236a3f0348) Importer(815301076,1909f56bfc062723c751e8b465ee728b) [PhysX] Initialized MultithreadedTaskDispatcher with 16 workers.
[PhysX] Initialized MultithreadedTaskDispatcher with 16 workers.
 -> (artifact id: 'f5d0097d237a306f4761827e8ee209ef') in 0.008475 seconds
Number of updated asset objects reloaded before import = 0
Number of asset objects unloaded after import = 3
========================================================================
Received Import Request.
  Time since last request: 0.000012 seconds.
  path: Assets/Sprits/craftpix-net-870940-free-base-4-direction-male-character-pixel-art/Tiled_files/Unarmed_Hurt2_body.png
  artifactKey: Guid(332e97e14276d0eb589a596f40fcd553) Importer(815301076,1909f56bfc062723c751e8b465ee728b)
Start importing Assets/Sprits/craftpix-net-870940-free-base-4-direction-male-character-pixel-art/Tiled_files/Unarmed_Hurt2_body.png using Guid(332e97e14276d0eb589a596f40fcd553) Importer(815301076,1909f56bfc062723c751e8b465ee728b) [PhysX] Initialized MultithreadedTaskDispatcher with 16 workers.
[PhysX] Initialized MultithreadedTaskDispatcher with 16 workers.
 -> (artifact id: '12a63f3ee2926599ab669ca63336dee8') in 0.007626 seconds
Number of updated asset objects reloaded before import = 0
Number of asset objects unloaded after import = 3
========================================================================
Received Import Request.
  Time since last request: 0.000040 seconds.
  path: Assets/Sprits/craftpix-net-870940-free-base-4-direction-male-character-pixel-art/Tiled_files/Unarmed_Walk_full.png
  artifactKey: Guid(44bac67cd301cd4808ffb208740b6550) Importer(815301076,1909f56bfc062723c751e8b465ee728b)
Start importing Assets/Sprits/craftpix-net-870940-free-base-4-direction-male-character-pixel-art/Tiled_files/Unarmed_Walk_full.png using Guid(44bac67cd301cd4808ffb208740b6550) Importer(815301076,1909f56bfc062723c751e8b465ee728b) [PhysX] Initialized MultithreadedTaskDispatcher with 16 workers.
[PhysX] Initialized MultithreadedTaskDispatcher with 16 workers.
 -> (artifact id: '8dc6f95759441be39b797d0d67b2beec') in 0.012063 seconds
Number of updated asset objects reloaded before import = 0
Number of asset objects unloaded after import = 3
========================================================================
Received Import Request.
  Time since last request: 0.000012 seconds.
  path: Assets/Sprits/craftpix-net-870940-free-base-4-direction-male-character-pixel-art/Tiled_files/Sword_Run_full.png
  artifactKey: Guid(341309681110e6481bc5a06cc5dc296c) Importer(815301076,1909f56bfc062723c751e8b465ee728b)
Start importing Assets/Sprits/craftpix-net-870940-free-base-4-direction-male-character-pixel-art/Tiled_files/Sword_Run_full.png using Guid(341309681110e6481bc5a06cc5dc296c) Importer(815301076,1909f56bfc062723c751e8b465ee728b) [PhysX] Initialized MultithreadedTaskDispatcher with 16 workers.
[PhysX] Initialized MultithreadedTaskDispatcher with 16 workers.
 -> (artifact id: '446e51f8f7ea281fba4826b781ee550c') in 0.009969 seconds
Number of updated asset objects reloaded before import = 0
Number of asset objects unloaded after import = 3
========================================================================
Received Import Request.
  Time since last request: 0.000012 seconds.
  path: Assets/Sprits/craftpix-net-870940-free-base-4-direction-male-character-pixel-art/Tiled_files/Sword_Walk_Attack_full.png
  artifactKey: Guid(c04da8db54fa7c4d69077524004dd5c0) Importer(815301076,1909f56bfc062723c751e8b465ee728b)
Start importing Assets/Sprits/craftpix-net-870940-free-base-4-direction-male-character-pixel-art/Tiled_files/Sword_Walk_Attack_full.png using Guid(c04da8db54fa7c4d69077524004dd5c0) Importer(815301076,1909f56bfc062723c751e8b465ee728b) [PhysX] Initialized MultithreadedTaskDispatcher with 16 workers.
[PhysX] Initialized MultithreadedTaskDispatcher with 16 workers.
 -> (artifact id: '25b2eec6aae7b034beb8cd5f10312754') in 0.008742 seconds
Number of updated asset objects reloaded before import = 0
Number of asset objects unloaded after import = 3
========================================================================
Received Import Request.
  Time since last request: 0.000033 seconds.
  path: Assets/Sprits/craftpix-net-870940-free-base-4-direction-male-character-pixel-art/Tiled_files/Unarmed_Hurt3_head.png
  artifactKey: Guid(6ebd4e4e914b5013db8e58a66cf2b71b) Importer(815301076,1909f56bfc062723c751e8b465ee728b)
Start importing Assets/Sprits/craftpix-net-870940-free-base-4-direction-male-character-pixel-art/Tiled_files/Unarmed_Hurt3_head.png using Guid(6ebd4e4e914b5013db8e58a66cf2b71b) Importer(815301076,1909f56bfc062723c751e8b465ee728b) [PhysX] Initialized MultithreadedTaskDispatcher with 16 workers.
[PhysX] Initialized MultithreadedTaskDispatcher with 16 workers.
 -> (artifact id: 'cf622d1aa55242b9d7f6df11e9256246') in 0.009073 seconds
Number of updated asset objects reloaded before import = 0
Number of asset objects unloaded after import = 3
========================================================================
Received Import Request.
  Time since last request: 0.000030 seconds.
  path: Assets/Sprits/craftpix-net-870940-free-base-4-direction-male-character-pixel-art/Tiled_files/Unarmed_Death_full.png
  artifactKey: Guid(f66540c7a8200c0a9a149d2806370904) Importer(815301076,1909f56bfc062723c751e8b465ee728b)
Start importing Assets/Sprits/craftpix-net-870940-free-base-4-direction-male-character-pixel-art/Tiled_files/Unarmed_Death_full.png using Guid(f66540c7a8200c0a9a149d2806370904) Importer(815301076,1909f56bfc062723c751e8b465ee728b) [PhysX] Initialized MultithreadedTaskDispatcher with 16 workers.
[PhysX] Initialized MultithreadedTaskDispatcher with 16 workers.
 -> (artifact id: '7f280daccd88d48c95aaa2e08a87bdeb') in 0.014138 seconds
Number of updated asset objects reloaded before import = 0
Number of asset objects unloaded after import = 3
========================================================================
Received Import Request.
  Time since last request: 0.000012 seconds.
  path: Assets/Sprits/craftpix-net-870940-free-base-4-direction-male-character-pixel-art/Tiled_files/Sword_Walk4_sword_front.png
  artifactKey: Guid(ec69d9fb19f0ece079b9ead8744e00e8) Importer(815301076,1909f56bfc062723c751e8b465ee728b)
Start importing Assets/Sprits/craftpix-net-870940-free-base-4-direction-male-character-pixel-art/Tiled_files/Sword_Walk4_sword_front.png using Guid(ec69d9fb19f0ece079b9ead8744e00e8) Importer(815301076,1909f56bfc062723c751e8b465ee728b) [PhysX] Initialized MultithreadedTaskDispatcher with 16 workers.
[PhysX] Initialized MultithreadedTaskDispatcher with 16 workers.
 -> (artifact id: 'd7020a53bf8b233319e71927c6abedf1') in 0.013097 seconds
Number of updated asset objects reloaded before import = 0
Number of asset objects unloaded after import = 3
========================================================================
Received Import Request.
  Time since last request: 0.000013 seconds.
  path: Assets/Sprits/craftpix-net-870940-free-base-4-direction-male-character-pixel-art/Tiled_files/Unarmed_Idle3_head.png
  artifactKey: Guid(26038f1c5510902d799d7196566fd89c) Importer(815301076,1909f56bfc062723c751e8b465ee728b)
Start importing Assets/Sprits/craftpix-net-870940-free-base-4-direction-male-character-pixel-art/Tiled_files/Unarmed_Idle3_head.png using Guid(26038f1c5510902d799d7196566fd89c) Importer(815301076,1909f56bfc062723c751e8b465ee728b) [PhysX] Initialized MultithreadedTaskDispatcher with 16 workers.
[PhysX] Initialized MultithreadedTaskDispatcher with 16 workers.
 -> (artifact id: 'e984200fa71487a1c1c0b5f5faa33df8') in 0.021230 seconds
Number of updated asset objects reloaded before import = 0
Number of asset objects unloaded after import = 3
========================================================================
Received Import Request.
  Time since last request: 0.000019 seconds.
  path: Assets/Sprits/craftpix-net-870940-free-base-4-direction-male-character-pixel-art/Tiled_files/Sword_Walk_Attack6_swing.png
  artifactKey: Guid(e26a57460b8c16768838812547847047) Importer(815301076,1909f56bfc062723c751e8b465ee728b)
Start importing Assets/Sprits/craftpix-net-870940-free-base-4-direction-male-character-pixel-art/Tiled_files/Sword_Walk_Attack6_swing.png using Guid(e26a57460b8c16768838812547847047) Importer(815301076,1909f56bfc062723c751e8b465ee728b) [PhysX] Initialized MultithreadedTaskDispatcher with 16 workers.
[PhysX] Initialized MultithreadedTaskDispatcher with 16 workers.
 -> (artifact id: '084a182abef94e869ab20109395405ee') in 0.011030 seconds
Number of updated asset objects reloaded before import = 0
Number of asset objects unloaded after import = 3
========================================================================
Received Import Request.
  Time since last request: 0.000031 seconds.
  path: Assets/Sprits/craftpix-net-870940-free-base-4-direction-male-character-pixel-art/Tiled_files/Unarmed_Hurt4_red.png
  artifactKey: Guid(4e9e28371fe3b3f6ba5f8ba25eae5d24) Importer(815301076,1909f56bfc062723c751e8b465ee728b)
Start importing Assets/Sprits/craftpix-net-870940-free-base-4-direction-male-character-pixel-art/Tiled_files/Unarmed_Hurt4_red.png using Guid(4e9e28371fe3b3f6ba5f8ba25eae5d24) Importer(815301076,1909f56bfc062723c751e8b465ee728b) [PhysX] Initialized MultithreadedTaskDispatcher with 16 workers.
[PhysX] Initialized MultithreadedTaskDispatcher with 16 workers.
 -> (artifact id: '63a3709763e94e5c03625fd88d6576c2') in 0.013155 seconds
Number of updated asset objects reloaded before import = 0
Number of asset objects unloaded after import = 3
========================================================================
Received Import Request.
  Time since last request: 0.000012 seconds.
  path: Assets/Sprits/craftpix-net-870940-free-base-4-direction-male-character-pixel-art/Tiled_files/Unarmed_Death2_body.png
  artifactKey: Guid(abe5f3012c182dd50a19829a20e4f664) Importer(815301076,1909f56bfc062723c751e8b465ee728b)
Start importing Assets/Sprits/craftpix-net-870940-free-base-4-direction-male-character-pixel-art/Tiled_files/Unarmed_Death2_body.png using Guid(abe5f3012c182dd50a19829a20e4f664) Importer(815301076,1909f56bfc062723c751e8b465ee728b) [PhysX] Initialized MultithreadedTaskDispatcher with 16 workers.
[PhysX] Initialized MultithreadedTaskDispatcher with 16 workers.
 -> (artifact id: '1c3e24337ebeeea1b0ec648d71410e04') in 0.009386 seconds
Number of updated asset objects reloaded before import = 0
Number of asset objects unloaded after import = 3
========================================================================
Received Import Request.
  Time since last request: 0.000014 seconds.
  path: Assets/Sprits/craftpix-net-870940-free-base-4-direction-male-character-pixel-art/Tiled_files/Sword_Run_Attack2_sword_back.png
  artifactKey: Guid(a9633496355cb58c4859e5552a4af6b1) Importer(815301076,1909f56bfc062723c751e8b465ee728b)
Start importing Assets/Sprits/craftpix-net-870940-free-base-4-direction-male-character-pixel-art/Tiled_files/Sword_Run_Attack2_sword_back.png using Guid(a9633496355cb58c4859e5552a4af6b1) Importer(815301076,1909f56bfc062723c751e8b465ee728b) [PhysX] Initialized MultithreadedTaskDispatcher with 16 workers.
[PhysX] Initialized MultithreadedTaskDispatcher with 16 workers.
 -> (artifact id: '8174511986d08fa6075cb7226a453c68') in 0.013403 seconds
Number of updated asset objects reloaded before import = 0
Number of asset objects unloaded after import = 3
========================================================================
Received Import Request.
  Time since last request: 0.000013 seconds.
  path: Assets/Sprits/craftpix-net-870940-free-base-4-direction-male-character-pixel-art/Tiled_files/Unarmed_Death4_red.png
  artifactKey: Guid(246adb066237187d794dd9ccbb17601f) Importer(815301076,1909f56bfc062723c751e8b465ee728b)
Start importing Assets/Sprits/craftpix-net-870940-free-base-4-direction-male-character-pixel-art/Tiled_files/Unarmed_Death4_red.png using Guid(246adb066237187d794dd9ccbb17601f) Importer(815301076,1909f56bfc062723c751e8b465ee728b) [PhysX] Initialized MultithreadedTaskDispatcher with 16 workers.
[PhysX] Initialized MultithreadedTaskDispatcher with 16 workers.
 -> (artifact id: 'b694bbbb2111cf30319f87d70871c580') in 0.012295 seconds
Number of updated asset objects reloaded before import = 0
Number of asset objects unloaded after import = 3
========================================================================
Received Import Request.
  Time since last request: 0.000020 seconds.
  path: Assets/Sprits/craftpix-net-870940-free-base-4-direction-male-character-pixel-art/Tiled_files/Unarmed_Hurt_full.png
  artifactKey: Guid(296ec762a1896009c9438fd744b77909) Importer(815301076,1909f56bfc062723c751e8b465ee728b)
Start importing Assets/Sprits/craftpix-net-870940-free-base-4-direction-male-character-pixel-art/Tiled_files/Unarmed_Hurt_full.png using Guid(296ec762a1896009c9438fd744b77909) Importer(815301076,1909f56bfc062723c751e8b465ee728b) [PhysX] Initialized MultithreadedTaskDispatcher with 16 workers.
[PhysX] Initialized MultithreadedTaskDispatcher with 16 workers.
 -> (artifact id: '1e0cbbf15d435998def5427b44b14ea4') in 0.010519 seconds
Number of updated asset objects reloaded before import = 0
Number of asset objects unloaded after import = 3
========================================================================
Received Import Request.
  Time since last request: 0.000067 seconds.
  path: Assets/Sprits/craftpix-net-870940-free-base-4-direction-male-character-pixel-art/Tiled_files/Sword_Run_Attack6_swing.png
  artifactKey: Guid(455a133b5f2cad0b786c5bdc652809ba) Importer(815301076,1909f56bfc062723c751e8b465ee728b)
Start importing Assets/Sprits/craftpix-net-870940-free-base-4-direction-male-character-pixel-art/Tiled_files/Sword_Run_Attack6_swing.png using Guid(455a133b5f2cad0b786c5bdc652809ba) Importer(815301076,1909f56bfc062723c751e8b465ee728b) [PhysX] Initialized MultithreadedTaskDispatcher with 16 workers.
[PhysX] Initialized MultithreadedTaskDispatcher with 16 workers.
 -> (artifact id: '01a81b6abd255bfecf6272f609f5f196') in 0.006237 seconds
Number of updated asset objects reloaded before import = 0
Number of asset objects unloaded after import = 3
========================================================================
Received Import Request.
  Time since last request: 0.000076 seconds.
  path: Assets/Sprits/craftpix-net-870940-free-base-4-direction-male-character-pixel-art/Tiled_files/Unarmed_Run2_body.png
  artifactKey: Guid(5b515de5c18efa57da4dfeccb4ea7d41) Importer(815301076,1909f56bfc062723c751e8b465ee728b)
Start importing Assets/Sprits/craftpix-net-870940-free-base-4-direction-male-character-pixel-art/Tiled_files/Unarmed_Run2_body.png using Guid(5b515de5c18efa57da4dfeccb4ea7d41) Importer(815301076,1909f56bfc062723c751e8b465ee728b) [PhysX] Initialized MultithreadedTaskDispatcher with 16 workers.
[PhysX] Initialized MultithreadedTaskDispatcher with 16 workers.
 -> (artifact id: '89d50becf5549a756f01fc4fd1f49bc8') in 0.004971 seconds
Number of updated asset objects reloaded before import = 0
Number of asset objects unloaded after import = 3
========================================================================
Received Import Request.
  Time since last request: 0.000068 seconds.
  path: Assets/Sprits/craftpix-net-870940-free-base-4-direction-male-character-pixel-art/Tiled_files/Sword_Idle3_body.png
  artifactKey: Guid(0651bd79509d0ed0a9f4944db4563903) Importer(815301076,1909f56bfc062723c751e8b465ee728b)
Start importing Assets/Sprits/craftpix-net-870940-free-base-4-direction-male-character-pixel-art/Tiled_files/Sword_Idle3_body.png using Guid(0651bd79509d0ed0a9f4944db4563903) Importer(815301076,1909f56bfc062723c751e8b465ee728b) [PhysX] Initialized MultithreadedTaskDispatcher with 16 workers.
[PhysX] Initialized MultithreadedTaskDispatcher with 16 workers.
 -> (artifact id: 'ce16ace02f7256b256696150a150dace') in 0.004651 seconds
Number of updated asset objects reloaded before import = 0
Number of asset objects unloaded after import = 3
========================================================================
Received Import Request.
  Time since last request: 0.000122 seconds.
  path: Assets/Sprits/craftpix-net-870940-free-base-4-direction-male-character-pixel-art/Tiled_files/Sword_Idle2_sword_back.png
  artifactKey: Guid(5e2840221e77e196487cc4fb61ebec19) Importer(815301076,1909f56bfc062723c751e8b465ee728b)
Start importing Assets/Sprits/craftpix-net-870940-free-base-4-direction-male-character-pixel-art/Tiled_files/Sword_Idle2_sword_back.png using Guid(5e2840221e77e196487cc4fb61ebec19) Importer(815301076,1909f56bfc062723c751e8b465ee728b) [PhysX] Initialized MultithreadedTaskDispatcher with 16 workers.
[PhysX] Initialized MultithreadedTaskDispatcher with 16 workers.
 -> (artifact id: '59ee233adc869222827b48f5543cd403') in 0.004054 seconds
Number of updated asset objects reloaded before import = 0
Number of asset objects unloaded after import = 3
========================================================================
Received Import Request.
  Time since last request: 0.000071 seconds.
  path: Assets/Sprits/craftpix-net-870940-free-base-4-direction-male-character-pixel-art/Tiled_files/Unarmed_Run_full.png
  artifactKey: Guid(469867ade081256ddb3f3afa53c225d1) Importer(815301076,1909f56bfc062723c751e8b465ee728b)
Start importing Assets/Sprits/craftpix-net-870940-free-base-4-direction-male-character-pixel-art/Tiled_files/Unarmed_Run_full.png using Guid(469867ade081256ddb3f3afa53c225d1) Importer(815301076,1909f56bfc062723c751e8b465ee728b) [PhysX] Initialized MultithreadedTaskDispatcher with 16 workers.
[PhysX] Initialized MultithreadedTaskDispatcher with 16 workers.
 -> (artifact id: 'ff395b05e29a3d73ae85509218770758') in 0.004271 seconds
Number of updated asset objects reloaded before import = 0
Number of asset objects unloaded after import = 3
========================================================================
Received Import Request.
  Time since last request: 0.000009 seconds.
  path: Assets/Sprits/craftpix-net-870940-free-base-4-direction-male-character-pixel-art/Tiled_files/Sword_Run2_sword_back.png
  artifactKey: Guid(e828a781046e6e5e1944a465317cde37) Importer(815301076,1909f56bfc062723c751e8b465ee728b)
Start importing Assets/Sprits/craftpix-net-870940-free-base-4-direction-male-character-pixel-art/Tiled_files/Sword_Run2_sword_back.png using Guid(e828a781046e6e5e1944a465317cde37) Importer(815301076,1909f56bfc062723c751e8b465ee728b) [PhysX] Initialized MultithreadedTaskDispatcher with 16 workers.
[PhysX] Initialized MultithreadedTaskDispatcher with 16 workers.
 -> (artifact id: 'a953044cf0e13267b0e7a3019cea18f7') in 0.004765 seconds
Number of updated asset objects reloaded before import = 0
Number of asset objects unloaded after import = 3
========================================================================
Received Import Request.
  Time since last request: 1.536200 seconds.
  path: Assets/Sprits/craftpix-net-870940-free-base-4-direction-male-character-pixel-art/Tiled_files/shadow.png
  artifactKey: Guid(4d6711185d91906aaa5b5fec7ae25c96) Importer(815301076,1909f56bfc062723c751e8b465ee728b)
Start importing Assets/Sprits/craftpix-net-870940-free-base-4-direction-male-character-pixel-art/Tiled_files/shadow.png using Guid(4d6711185d91906aaa5b5fec7ae25c96) Importer(815301076,1909f56bfc062723c751e8b465ee728b) [PhysX] Initialized MultithreadedTaskDispatcher with 16 workers.
[PhysX] Initialized MultithreadedTaskDispatcher with 16 workers.
 -> (artifact id: '4c638fb03332da221c7445d2fa116585') in 0.006077 seconds
Number of updated asset objects reloaded before import = 0
Number of asset objects unloaded after import = 3
========================================================================
Received Import Request.
  Time since last request: 0.000016 seconds.
  path: Assets/Sprits/craftpix-net-870940-free-base-4-direction-male-character-pixel-art/Tiled_files/Sword_Hurt2_sword_back.png
  artifactKey: Guid(44e7023ed4bf66a37a19fb616b8b0874) Importer(815301076,1909f56bfc062723c751e8b465ee728b)
Start importing Assets/Sprits/craftpix-net-870940-free-base-4-direction-male-character-pixel-art/Tiled_files/Sword_Hurt2_sword_back.png using Guid(44e7023ed4bf66a37a19fb616b8b0874) Importer(815301076,1909f56bfc062723c751e8b465ee728b) [PhysX] Initialized MultithreadedTaskDispatcher with 16 workers.
[PhysX] Initialized MultithreadedTaskDispatcher with 16 workers.
 -> (artifact id: '22e350f127ac0fa7d8a31d6b1ca60c73') in 0.006546 seconds
Number of updated asset objects reloaded before import = 0
Number of asset objects unloaded after import = 3
========================================================================
Received Import Request.
  Time since last request: 0.000015 seconds.
  path: Assets/Sprits/craftpix-net-870940-free-base-4-direction-male-character-pixel-art/Tiled_files/Sword_attack6_swing.png
  artifactKey: Guid(13fffaaaadf36d178af6db08c3b0d75a) Importer(815301076,1909f56bfc062723c751e8b465ee728b)
Start importing Assets/Sprits/craftpix-net-870940-free-base-4-direction-male-character-pixel-art/Tiled_files/Sword_attack6_swing.png using Guid(13fffaaaadf36d178af6db08c3b0d75a) Importer(815301076,1909f56bfc062723c751e8b465ee728b) [PhysX] Initialized MultithreadedTaskDispatcher with 16 workers.
[PhysX] Initialized MultithreadedTaskDispatcher with 16 workers.
 -> (artifact id: 'fa074f2dabf8c82cc9da5df750c2291d') in 0.004988 seconds
Number of updated asset objects reloaded before import = 0
Number of asset objects unloaded after import = 3
========================================================================
Received Import Request.
  Time since last request: 0.000013 seconds.
  path: Assets/Sprits/craftpix-net-870940-free-base-4-direction-male-character-pixel-art/Tiled_files/Sword_attack_full.png
  artifactKey: Guid(5de3ef07ff7f610babc0fbbda98d6d69) Importer(815301076,1909f56bfc062723c751e8b465ee728b)
Start importing Assets/Sprits/craftpix-net-870940-free-base-4-direction-male-character-pixel-art/Tiled_files/Sword_attack_full.png using Guid(5de3ef07ff7f610babc0fbbda98d6d69) Importer(815301076,1909f56bfc062723c751e8b465ee728b) [PhysX] Initialized MultithreadedTaskDispatcher with 16 workers.
[PhysX] Initialized MultithreadedTaskDispatcher with 16 workers.
 -> (artifact id: '8cb0fe2a1ca32d834fe51d84ddf14af5') in 0.007103 seconds
Number of updated asset objects reloaded before import = 0
Number of asset objects unloaded after import = 3
========================================================================
Received Import Request.
  Time since last request: 0.000084 seconds.
  path: Assets/Sprits/craftpix-net-870940-free-base-4-direction-male-character-pixel-art/Tiled_files/Sword_Death4_sword_front.png
  artifactKey: Guid(0b20efd4a64635c3a9d5732ee6faab90) Importer(815301076,1909f56bfc062723c751e8b465ee728b)
Start importing Assets/Sprits/craftpix-net-870940-free-base-4-direction-male-character-pixel-art/Tiled_files/Sword_Death4_sword_front.png using Guid(0b20efd4a64635c3a9d5732ee6faab90) Importer(815301076,1909f56bfc062723c751e8b465ee728b) [PhysX] Initialized MultithreadedTaskDispatcher with 16 workers.
[PhysX] Initialized MultithreadedTaskDispatcher with 16 workers.
 -> (artifact id: 'd4f9658e7e13e8a62f06e7b11f96b698') in 0.006699 seconds
Number of updated asset objects reloaded before import = 0
Number of asset objects unloaded after import = 3
========================================================================
Received Import Request.
  Time since last request: 0.000109 seconds.
  path: Assets/Sprits/craftpix-net-870940-free-base-4-direction-male-character-pixel-art/Tiled_files/Sword_Death2_sword_back.png
  artifactKey: Guid(3045f571810f1f010a0fc03331cee331) Importer(815301076,1909f56bfc062723c751e8b465ee728b)
Start importing Assets/Sprits/craftpix-net-870940-free-base-4-direction-male-character-pixel-art/Tiled_files/Sword_Death2_sword_back.png using Guid(3045f571810f1f010a0fc03331cee331) Importer(815301076,1909f56bfc062723c751e8b465ee728b) [PhysX] Initialized MultithreadedTaskDispatcher with 16 workers.
[PhysX] Initialized MultithreadedTaskDispatcher with 16 workers.
 -> (artifact id: '0cf33eaca1c77243fdf12b43967157ed') in 0.005805 seconds
Number of updated asset objects reloaded before import = 0
Number of asset objects unloaded after import = 3
========================================================================
Received Import Request.
  Time since last request: 0.000108 seconds.
  path: Assets/Sprits/craftpix-net-870940-free-base-4-direction-male-character-pixel-art/Tiled_files/Sword_Death3_body.png
  artifactKey: Guid(b3d5c2ef6d302c16eb47d153a3857a1d) Importer(815301076,1909f56bfc062723c751e8b465ee728b)
Start importing Assets/Sprits/craftpix-net-870940-free-base-4-direction-male-character-pixel-art/Tiled_files/Sword_Death3_body.png using Guid(b3d5c2ef6d302c16eb47d153a3857a1d) Importer(815301076,1909f56bfc062723c751e8b465ee728b) [PhysX] Initialized MultithreadedTaskDispatcher with 16 workers.
[PhysX] Initialized MultithreadedTaskDispatcher with 16 workers.
 -> (artifact id: '60833d0b8c8c6fd094e4d93cf668b2c5') in 0.005454 seconds
Number of updated asset objects reloaded before import = 0
Number of asset objects unloaded after import = 3
========================================================================
Received Import Request.
  Time since last request: 0.000055 seconds.
  path: Assets/Sprits/craftpix-net-870940-free-base-4-direction-male-character-pixel-art/Tiled_files/Sword_attack4_sword_front.png
  artifactKey: Guid(8fe283adeafd2d64c92be5bd4bd17f1f) Importer(815301076,1909f56bfc062723c751e8b465ee728b)
Start importing Assets/Sprits/craftpix-net-870940-free-base-4-direction-male-character-pixel-art/Tiled_files/Sword_attack4_sword_front.png using Guid(8fe283adeafd2d64c92be5bd4bd17f1f) Importer(815301076,1909f56bfc062723c751e8b465ee728b) [PhysX] Initialized MultithreadedTaskDispatcher with 16 workers.
[PhysX] Initialized MultithreadedTaskDispatcher with 16 workers.
 -> (artifact id: '2dbe86e560ae49a8624e682eb0f07bf6') in 0.005334 seconds
Number of updated asset objects reloaded before import = 0
Number of asset objects unloaded after import = 3
========================================================================
Received Import Request.
  Time since last request: 24.273894 seconds.
  path: Assets/Sprits/craftpix-net-870940-free-base-4-direction-male-character-pixel-art/PSD/Sword_Death1.psd
  artifactKey: Guid(9412e3e213ae5f481990774ddaa4c6cf) Importer(815301076,1909f56bfc062723c751e8b465ee728b)
Start importing Assets/Sprits/craftpix-net-870940-free-base-4-direction-male-character-pixel-art/PSD/Sword_Death1.psd using Guid(9412e3e213ae5f481990774ddaa4c6cf) Importer(815301076,1909f56bfc062723c751e8b465ee728b) [PhysX] Initialized MultithreadedTaskDispatcher with 16 workers.
[PhysX] Initialized MultithreadedTaskDispatcher with 16 workers.
 -> (artifact id: '8130ea689c1645bff60874af1ac4b8f3') in 0.005200 seconds
Number of updated asset objects reloaded before import = 0
Number of asset objects unloaded after import = 2
========================================================================
Received Import Request.
  Time since last request: 0.000065 seconds.
  path: Assets/Sprits/craftpix-net-870940-free-base-4-direction-male-character-pixel-art/PSD/Sword_Walk1.psd
  artifactKey: Guid(642156adf77cf6a24a660ad54b2aa4b2) Importer(815301076,1909f56bfc062723c751e8b465ee728b)
Start importing Assets/Sprits/craftpix-net-870940-free-base-4-direction-male-character-pixel-art/PSD/Sword_Walk1.psd using Guid(642156adf77cf6a24a660ad54b2aa4b2) Importer(815301076,1909f56bfc062723c751e8b465ee728b) [PhysX] Initialized MultithreadedTaskDispatcher with 16 workers.
[PhysX] Initialized MultithreadedTaskDispatcher with 16 workers.
 -> (artifact id: '8c3e0876b98813ebafeb2d863453da59') in 0.003637 seconds
Number of updated asset objects reloaded before import = 0
Number of asset objects unloaded after import = 2
========================================================================
Received Import Request.
  Time since last request: 0.000013 seconds.
  path: Assets/Sprits/craftpix-net-870940-free-base-4-direction-male-character-pixel-art/PSD/Unarmed_Run1.psd
  artifactKey: Guid(45c2ef8fc5b8fa2649d2a3697854984a) Importer(815301076,1909f56bfc062723c751e8b465ee728b)
Start importing Assets/Sprits/craftpix-net-870940-free-base-4-direction-male-character-pixel-art/PSD/Unarmed_Run1.psd using Guid(45c2ef8fc5b8fa2649d2a3697854984a) Importer(815301076,1909f56bfc062723c751e8b465ee728b) [PhysX] Initialized MultithreadedTaskDispatcher with 16 workers.
[PhysX] Initialized MultithreadedTaskDispatcher with 16 workers.
 -> (artifact id: 'b029b28b456cb382e8f6905a67f48ff4') in 0.004302 seconds
Number of updated asset objects reloaded before import = 0
Number of asset objects unloaded after import = 2
========================================================================
Received Import Request.
  Time since last request: 0.000010 seconds.
  path: Assets/Sprits/craftpix-net-870940-free-base-4-direction-male-character-pixel-art/PSD/Sword_Run_Attack1.psd
  artifactKey: Guid(861ae16414c38113a8c4cd597fbe3c96) Importer(815301076,1909f56bfc062723c751e8b465ee728b)
Start importing Assets/Sprits/craftpix-net-870940-free-base-4-direction-male-character-pixel-art/PSD/Sword_Run_Attack1.psd using Guid(861ae16414c38113a8c4cd597fbe3c96) Importer(815301076,1909f56bfc062723c751e8b465ee728b) [PhysX] Initialized MultithreadedTaskDispatcher with 16 workers.
[PhysX] Initialized MultithreadedTaskDispatcher with 16 workers.
 -> (artifact id: '24751c3efae008368583bd77d648d269') in 0.005295 seconds
Number of updated asset objects reloaded before import = 0
Number of asset objects unloaded after import = 2
========================================================================
Received Import Request.
  Time since last request: 0.000011 seconds.
  path: Assets/Sprits/craftpix-net-870940-free-base-4-direction-male-character-pixel-art/PSD/Unarmed_Death1.psd
  artifactKey: Guid(ae2fddf0348217afe8fa40f0c5e5a1e8) Importer(815301076,1909f56bfc062723c751e8b465ee728b)
Start importing Assets/Sprits/craftpix-net-870940-free-base-4-direction-male-character-pixel-art/PSD/Unarmed_Death1.psd using Guid(ae2fddf0348217afe8fa40f0c5e5a1e8) Importer(815301076,1909f56bfc062723c751e8b465ee728b) [PhysX] Initialized MultithreadedTaskDispatcher with 16 workers.
[PhysX] Initialized MultithreadedTaskDispatcher with 16 workers.
 -> (artifact id: '37937405e609fc3a2a3dd9b12031dbfd') in 0.004973 seconds
Number of updated asset objects reloaded before import = 0
Number of asset objects unloaded after import = 2
Editor requested this worker to shutdown with reason: Scaling down because of idle timeout
TcpMessagingSession - receive error: operation aborted. errorcode: 125, details: Operation aborted.
AssetImportWorker is now disconnected from the server
Process exiting
